<?xml version="1.0" encoding="UTF-8"?>
<testsuite xmlns:xsi="http://www.w3.org/2001/XMLSchema-instance" xsi:noNamespaceSchemaLocation="https://maven.apache.org/surefire/maven-surefire-plugin/xsd/surefire-test-report-3.0.xsd" version="3.0" name="com.ecommerce.configserver.ConfigServerApplicationTests" time="6.274" tests="1" errors="0" skipped="0" failures="0">
  <properties>
[...]
</properties>
  <testcase name="contextLoads" classname="com.ecommerce.configserver.ConfigServerApplicationTests" time="1.236">
    <system-out><![CDATA[11:34:37.911 [main] INFO org.springframework.test.context.support.AnnotationConfigContextLoaderUtils -- Could not detect default configuration classes for test class [com.ecommerce.configserver.ConfigServerApplicationTests]: ConfigServerApplicationTests does not declare any static, non-private, non-final, nested classes annotated with @Configuration.
11:34:38.065 [main] INFO org.springframework.boot.test.context.SpringBootTestContextBootstrapper -- Found @SpringBootConfiguration com.ecommerce.configserver.ConfigServerApplication for test class com.ecommerce.configserver.ConfigServerApplicationTests

  .   ____          _            __ _ _
 /\\ / ___'_ __ _ _(_)_ __  __ _ \ \ \ \
( ( )\___ | '_ | '_| | '_ \/ _` | \ \ \ \
 \\/  ___)| |_)| | | | | || (_| |  ) ) ) )
  '  |____| .__|_| |_|_| |_\__, | / / / /
 =========|_|==============|___/=/_/_/_/

 :: Spring Boot ::               (v3.3.12)

2025-05-25T11:34:38.849+04:00  INFO 24216 --- [config-server] [           main] c.e.c.ConfigServerApplicationTests       : Starting ConfigServerApplicationTests using Java 21.0.7 with PID 24216 (started by Mahmoud in E:\Development\sourceCode\e-commerce-app\services\config-server)
2025-05-25T11:34:38.851+04:00  INFO 24216 --- [config-server] [           main] c.e.c.ConfigServerApplicationTests       : The following 1 profile is active: "native"
2025-05-25T11:34:40.489+04:00  INFO 24216 --- [config-server] [           main] o.s.cloud.context.scope.GenericScope     : BeanFactory id=52ebe2c8-14b9-351e-937f-3ace15e4966a
2025-05-25T11:34:42.505+04:00  INFO 24216 --- [config-server] [           main] o.s.b.a.e.web.EndpointLinksResolver      : Exposing 1 endpoint beneath base path '/actuator'
2025-05-25T11:34:42.609+04:00  INFO 24216 --- [config-server] [           main] c.e.c.ConfigServerApplicationTests       : Started ConfigServerApplicationTests in 4.332 seconds (process running for 5.842)
]]></system-out>
    <system-err><![CDATA[WARNING: A Java agent has been loaded dynamically (C:\Users\Mahmoud\.m2\repository\net\bytebuddy\byte-buddy-agent\1.14.19\byte-buddy-agent-1.14.19.jar)
WARNING: If a serviceability tool is in use, please run with -XX:+EnableDynamicAgentLoading to hide this warning
WARNING: If a serviceability tool is not in use, please run with -Djdk.instrument.traceUsage for more information
WARNING: Dynamic loading of agents will be disallowed by default in a future release
]]></system-err>
  </testcase>
</testsuite>